<?xml version="1.0" encoding="UTF-8"?>
<!-- Generated by org.testng.reporters.JUnitXMLReporter -->
<testsuite ignored="1" hostname="REM-LT-221031C" failures="0" tests="1" name="Default test" time="5.962" errors="0" timestamp="2022-11-11T17:51:13 CST">
  <testcase classname="com.unosquare.SecondAPIGETTest" name="f_Gherking_get_list" time="5.874"/>
  <testcase classname="com.unosquare.SecondAPIGETTest" name="getUserRequest" time="0.0">
    <ignored/>
  </testcase> <!-- getUserRequest -->
</testsuite> <!-- Default test -->
