<?xml version="1.0" encoding="UTF-8"?>
<testng-results ignored="0" total="2" passed="2" failed="0" skipped="0">
  <reporter-output>
    <line>
      <![CDATA[Response body {"token":"QpwL5tke4Pnpja7X4"}]]>
    </line>
    <line>
      <![CDATA[token: QpwL5tke4Pnpja7X4]]>
    </line>
    <line>
      <![CDATA[Response body {"name":"Daniel","job":"QA","id":"391","createdAt":"2022-11-14T21:22:10.898Z"}]]>
    </line>
  </reporter-output>
  <suite started-at="2022-11-14T15:22:31 CST" name="Default suite" finished-at="2022-11-14T15:22:39 CST" duration-ms="8345">
    <groups>
    </groups>
    <test started-at="2022-11-14T15:22:31 CST" name="Default test" finished-at="2022-11-14T15:22:39 CST" duration-ms="8345">
      <class name="com.unosquare.PostRefactorizedUsingAPICore">
        <test-method is-config="true" signature="before()[pri:0, instance:com.unosquare.PostRefactorizedUsingAPICore@101952da]" started-at="2022-11-14T15:22:31 CST" name="before" finished-at="2022-11-14T15:22:31 CST" duration-ms="19" status="PASS">
          <reporter-output>
          </reporter-output>
        </test-method> <!-- before -->
        <test-method signature="testLogin()[pri:0, instance:com.unosquare.PostRefactorizedUsingAPICore@101952da]" started-at="2022-11-14T15:22:31 CST" name="testLogin" finished-at="2022-11-14T15:22:38 CST" duration-ms="7444" status="PASS">
          <reporter-output>
            <line>
              <![CDATA[Response body {"token":"QpwL5tke4Pnpja7X4"}]]>
            </line>
            <line>
              <![CDATA[token: QpwL5tke4Pnpja7X4]]>
            </line>
          </reporter-output>
        </test-method> <!-- testLogin -->
        <test-method signature="testPostWihtAPICore()[pri:0, instance:com.unosquare.PostRefactorizedUsingAPICore@101952da]" started-at="2022-11-14T15:22:38 CST" name="testPostWihtAPICore" finished-at="2022-11-14T15:22:39 CST" duration-ms="829" status="PASS">
          <reporter-output>
            <line>
              <![CDATA[Response body {"name":"Daniel","job":"QA","id":"391","createdAt":"2022-11-14T21:22:10.898Z"}]]>
            </line>
          </reporter-output>
        </test-method> <!-- testPostWihtAPICore -->
      </class> <!-- com.unosquare.PostRefactorizedUsingAPICore -->
    </test> <!-- Default test -->
  </suite> <!-- Default suite -->
</testng-results>
