<?xml version="1.0" encoding="UTF-8"?>
<testng-results ignored="0" total="4" passed="4" failed="0" skipped="0">
  <reporter-output>
    <line>
      <![CDATA[Sucess 200 validation]]>
    </line>
    <line>
      <![CDATA[Sucess 200 validation]]>
    </line>
    <line>
      <![CDATA[{"data":{"id":2,"name":"fuchsia rose","year":2001,"color":"#C74375","pantone_value":"17-2031"},"support":{"url":"https://reqres.in/#support-heading","text":"To keep ReqRes free, contributions towards server costs are appreciated!"}}]]>
    </line>
    <line>
      <![CDATA[Sucess 200 validation]]>
    </line>
    <line>
      <![CDATA[Sucess 200 validation]]>
    </line>
    <line>
      <![CDATA[{"data":{"id":2,"email":"janet.weaver@reqres.in","first_name":"Janet","last_name":"Weaver","avatar":"https://reqres.in/img/faces/2-image.jpg"},"support":{"url":"https://reqres.in/#support-heading","text":"To keep ReqRes free, contributions towards server costs are appreciated!"}}]]>
    </line>
  </reporter-output>
  <suite started-at="2022-11-11T17:51:52 CST" name="Suite" finished-at="2022-11-11T17:51:59 CST" duration-ms="7019">
    <groups>
    </groups>
    <test started-at="2022-11-11T17:51:52 CST" name="Test" finished-at="2022-11-11T17:51:59 CST" duration-ms="7019">
      <class name="com.unosquare.FirstAPIGetTest">
        <test-method signature="f_Gherking_get()[pri:0, instance:com.unosquare.FirstAPIGetTest@b2c9a9c]" started-at="2022-11-11T17:51:59 CST" name="f_Gherking_get" finished-at="2022-11-11T17:51:59 CST" duration-ms="288" status="PASS">
          <reporter-output>
            <line>
              <![CDATA[Sucess 200 validation]]>
            </line>
          </reporter-output>
        </test-method> <!-- f_Gherking_get -->
        <test-method signature="testFirsGetUsingHTTPObjects()[pri:0, instance:com.unosquare.FirstAPIGetTest@b2c9a9c]" started-at="2022-11-11T17:51:59 CST" name="testFirsGetUsingHTTPObjects" finished-at="2022-11-11T17:51:59 CST" duration-ms="360" status="PASS">
          <reporter-output>
            <line>
              <![CDATA[Sucess 200 validation]]>
            </line>
            <line>
              <![CDATA[{"data":{"id":2,"email":"janet.weaver@reqres.in","first_name":"Janet","last_name":"Weaver","avatar":"https://reqres.in/img/faces/2-image.jpg"},"support":{"url":"https://reqres.in/#support-heading","text":"To keep ReqRes free, contributions towards server costs are appreciated!"}}]]>
            </line>
          </reporter-output>
        </test-method> <!-- testFirsGetUsingHTTPObjects -->
      </class> <!-- com.unosquare.FirstAPIGetTest -->
      <class name="com.unosquare.SecondAPIGETTest">
        <test-method signature="f_Gherking_get_list()[pri:0, instance:com.unosquare.SecondAPIGETTest@4b2bac3f]" started-at="2022-11-11T17:51:52 CST" name="f_Gherking_get_list" finished-at="2022-11-11T17:51:58 CST" duration-ms="5514" status="PASS">
          <reporter-output>
            <line>
              <![CDATA[Sucess 200 validation]]>
            </line>
          </reporter-output>
        </test-method> <!-- f_Gherking_get_list -->
        <test-method signature="getUserRequest()[pri:0, instance:com.unosquare.SecondAPIGETTest@4b2bac3f]" started-at="2022-11-11T17:51:58 CST" name="getUserRequest" finished-at="2022-11-11T17:51:59 CST" duration-ms="780" status="PASS">
          <reporter-output>
            <line>
              <![CDATA[Sucess 200 validation]]>
            </line>
            <line>
              <![CDATA[{"data":{"id":2,"name":"fuchsia rose","year":2001,"color":"#C74375","pantone_value":"17-2031"},"support":{"url":"https://reqres.in/#support-heading","text":"To keep ReqRes free, contributions towards server costs are appreciated!"}}]]>
            </line>
          </reporter-output>
        </test-method> <!-- getUserRequest -->
      </class> <!-- com.unosquare.SecondAPIGETTest -->
    </test> <!-- Test -->
  </suite> <!-- Suite -->
</testng-results>
