<?xml version="1.0" encoding="UTF-8"?>
<!-- Generated by org.testng.reporters.JUnitXMLReporter -->
<testsuite ignored="0" hostname="REM-LT-221031C" failures="0" tests="9" name="Test" time="9.801" errors="0" timestamp="2022-11-15T09:00:54 CST">
  <testcase classname="com.unosquare.FinalSuiteTest" name="getResourceListTest" time="6.018"/>
  <testcase classname="com.unosquare.FinalSuiteTest" name="getSingleResourceWithParameterTest" time="0.415"/>
  <testcase classname="com.unosquare.FinalSuiteTest" name="getSingleUserWithParameterTest" time="0.318"/>
  <testcase classname="com.unosquare.FinalSuiteTest" name="getUserListTest" time="0.287"/>
  <testcase classname="com.unosquare.FinalSuiteTest" name="postCreateUserTest" time="0.604"/>
  <testcase classname="com.unosquare.FinalSuiteTest" name="postFailLoginTest" time="0.491"/>
  <testcase classname="com.unosquare.FinalSuiteTest" name="postRegisterTest" time="0.538"/>
  <testcase classname="com.unosquare.FinalSuiteTest" name="postSuccessfulLoginTest" time="0.502"/>
  <testcase classname="com.unosquare.FinalSuiteTest" name="putUpdateUserTest" time="0.561"/>
</testsuite> <!-- Test -->
